{
  "stats": {
    "suites": 1,
    "tests": 4,
    "passes": 4,
    "pending": 0,
    "failures": 0,
    "start": "2021-10-31T15:49:20.553Z",
    "end": "2021-10-31T15:53:12.812Z",
    "duration": 232259,
    "testsRegistered": 4,
    "passPercent": 100,
    "pendingPercent": 0,
    "other": 0,
    "hasOther": false,
    "skipped": 0,
    "hasSkipped": false
  },
  "results": [
    {
      "uuid": "35645837-42a8-41fe-af2d-9b4578be40ca",
      "title": "",
      "fullFile": "cypress/integration/my-tests/rocketlane_assignment2.js",
      "file": "cypress/integration/my-tests/rocketlane_assignment2.js",
      "beforeHooks": [],
      "afterHooks": [],
      "tests": [],
      "suites": [
        {
          "uuid": "2721aae7-b21c-45ed-b9c4-de027fdf82ab",
          "title": "rocketlane_assignment2",
          "fullFile": "",
          "file": "",
          "beforeHooks": [],
          "afterHooks": [],
          "tests": [
            {
              "title": "verify assignee filter",
              "fullTitle": "rocketlane_assignment2 verify assignee filter",
              "timedOut": null,
              "duration": 79898,
              "state": "passed",
              "speed": "slow",
              "pass": true,
              "fail": false,
              "pending": false,
              "context": null,
              "code": "cy.fixture('rocketlane_data.json').then(testdata => {\n  testdata.forEach(data => {\n    rocketlane.visitTasksPage().clickFilter().clickAssigneeDropDown().selectAssignee(data.users).clickFilter().verifyAppliedFiltersCount(data.filterCount).verifyClearButtonVisible().verifyFilteredTasksCount(data.tasksCount).clickClearButton();\n  });\n});",
              "err": {},
              "uuid": "cb392541-524c-4c12-ba55-f90e722126bb",
              "parentUUID": "2721aae7-b21c-45ed-b9c4-de027fdf82ab",
              "isHook": false,
              "skipped": false
            },
            {
              "title": "verify search invalid user",
              "fullTitle": "rocketlane_assignment2 verify search invalid user",
              "timedOut": null,
              "duration": 27200,
              "state": "passed",
              "speed": "slow",
              "pass": true,
              "fail": false,
              "pending": false,
              "context": null,
              "code": "rocketlane.visitTasksPage().clickFilter().clickAssigneeDropDown().searchAssignee([\"invalid R\"]).verifyInavlidUserSearchMessage('No options');",
              "err": {},
              "uuid": "c68730a2-0ddf-4d41-9198-225a468f7313",
              "parentUUID": "2721aae7-b21c-45ed-b9c4-de027fdf82ab",
              "isHook": false,
              "skipped": false
            },
            {
              "title": "verify search user only",
              "fullTitle": "rocketlane_assignment2 verify search user only",
              "timedOut": null,
              "duration": 30539,
              "state": "passed",
              "speed": "slow",
              "pass": true,
              "fail": false,
              "pending": false,
              "context": null,
              "code": "rocketlane.visitTasksPage().clickFilter().clickAssigneeDropDown().searchAssignee([\"user\"]).verifySearchHeader('Users');",
              "err": {},
              "uuid": "eb1f1a97-a8c8-477a-a006-74f8b36d53a1",
              "parentUUID": "2721aae7-b21c-45ed-b9c4-de027fdf82ab",
              "isHook": false,
              "skipped": false
            },
            {
              "title": "verify search teams only",
              "fullTitle": "rocketlane_assignment2 verify search teams only",
              "timedOut": null,
              "duration": 30316,
              "state": "passed",
              "speed": "slow",
              "pass": true,
              "fail": false,
              "pending": false,
              "context": null,
              "code": "rocketlane.visitTasksPage().clickFilter().clickAssigneeDropDown().searchAssignee([\"team\"]).verifySearchHeader('Teams');",
              "err": {},
              "uuid": "345704d2-4937-49b9-868c-5dffbe9f7637",
              "parentUUID": "2721aae7-b21c-45ed-b9c4-de027fdf82ab",
              "isHook": false,
              "skipped": false
            }
          ],
          "suites": [],
          "passes": [
            "cb392541-524c-4c12-ba55-f90e722126bb",
            "c68730a2-0ddf-4d41-9198-225a468f7313",
            "eb1f1a97-a8c8-477a-a006-74f8b36d53a1",
            "345704d2-4937-49b9-868c-5dffbe9f7637"
          ],
          "failures": [],
          "pending": [],
          "skipped": [],
          "duration": 167953,
          "root": false,
          "rootEmpty": false,
          "_timeout": 2000
        }
      ],
      "passes": [],
      "failures": [],
      "pending": [],
      "skipped": [],
      "duration": 0,
      "root": true,
      "rootEmpty": true,
      "_timeout": 2000
    }
  ],
  "meta": {
    "mocha": {
      "version": "7.0.1"
    },
    "mochawesome": {
      "options": {
        "quiet": false,
        "reportFilename": "report",
        "saveHtml": true,
        "saveJson": true,
        "consoleReporter": "spec",
        "useInlineDiffs": false,
        "code": true
      },
      "version": "6.3.1"
    },
    "marge": {
      "options": {
        "reportDir": "cypress/reports",
        "reportFilename": "report",
        "overwrite": "true",
        "html": "true",
        "charts": "true"
      },
      "version": "5.2.0"
    }
  }
}